2024-07-27 07:52:05,506 INFO o.a.j.u.JMeterUtils: Setting Locale to en_EN
2024-07-27 07:52:05,524 INFO o.a.j.JMeter: Loading user properties from: /opt/homebrew/Cellar/jmeter/5.6.3/libexec/bin/user.properties
2024-07-27 07:52:05,524 INFO o.a.j.JMeter: Loading system properties from: /opt/homebrew/Cellar/jmeter/5.6.3/libexec/bin/system.properties
2024-07-27 07:52:05,531 INFO o.a.j.JMeter: Copyright (c) 1998-2024 The Apache Software Foundation
2024-07-27 07:52:05,531 INFO o.a.j.JMeter: Version 5.6.3
2024-07-27 07:52:05,531 INFO o.a.j.JMeter: java.version=22.0.2
2024-07-27 07:52:05,531 INFO o.a.j.JMeter: java.vm.name=OpenJDK 64-Bit Server VM
2024-07-27 07:52:05,531 INFO o.a.j.JMeter: os.name=Mac OS X
2024-07-27 07:52:05,531 INFO o.a.j.JMeter: os.arch=aarch64
2024-07-27 07:52:05,531 INFO o.a.j.JMeter: os.version=13.4
2024-07-27 07:52:05,531 INFO o.a.j.JMeter: file.encoding=UTF-8
2024-07-27 07:52:05,531 INFO o.a.j.JMeter: java.awt.headless=null
2024-07-27 07:52:05,531 INFO o.a.j.JMeter: Max memory     =1073741824
2024-07-27 07:52:05,531 INFO o.a.j.JMeter: Available Processors =8
2024-07-27 07:52:05,540 INFO o.a.j.JMeter: Default Locale=English (EN)
2024-07-27 07:52:05,540 INFO o.a.j.JMeter: JMeter  Locale=English (EN)
2024-07-27 07:52:05,540 INFO o.a.j.JMeter: JMeterHome=/opt/homebrew/Cellar/jmeter/5.6.3/libexec
2024-07-27 07:52:05,540 INFO o.a.j.JMeter: user.dir  =/Users/matador/code/pokeapiAngular/src/app
2024-07-27 07:52:05,540 INFO o.a.j.JMeter: PWD       =/Users/matador/code/pokeapiAngular/src/app
2024-07-27 07:52:05,541 INFO o.a.j.JMeter: IP: 127.0.0.1 Name: Mac-mini-de-matador.local FullName: localhost
2024-07-27 07:52:05,548 INFO o.a.j.JMeter: Loaded icon properties from org/apache/jmeter/images/icon.properties
2024-07-27 07:52:06,267 INFO o.a.j.JMeterGuiLauncher: Setting LAF to: com.github.weisj.darklaf.DarkLaf:com.github.weisj.darklaf.theme.DarculaTheme
2024-07-27 07:52:07,510 INFO o.a.j.r.ClassFinder: Will scan jar /opt/homebrew/Cellar/jmeter/5.6.3/libexec/lib/ext/jmeter-plugins-manager-1.9.jar with filter ExtendsClassFilter [parents=[interface org.apache.jmeter.gui.action.Command], inner=false, contains=null, notContains=null]. Consider exposing JMeter plugins via META-INF/services, and add JMeter-Skip-Class-Scanning=true manifest attribute so JMeter can skip classfile scanning
2024-07-27 07:52:07,579 INFO o.a.j.r.ClassFinder: Will scan jar /opt/homebrew/Cellar/jmeter/5.6.3/libexec/lib/ext/jmeter-plugins-manager-1.9.jar with filter ExtendsClassFilter [parents=[interface org.apache.jmeter.gui.plugin.MenuCreator], inner=false, contains=null, notContains=null]. Consider exposing JMeter plugins via META-INF/services, and add JMeter-Skip-Class-Scanning=true manifest attribute so JMeter can skip classfile scanning
2024-07-27 07:52:07,632 INFO o.j.r.JARSourceHTTP: Requesting https://jmeter-plugins.org/repo/?installID=mac_os_x-c75cb616c116276e36210ae003a35e74-gui
